# JRE version: Java(TM) SE Runtime Environment (23.0+37) (build 23+37-2369)
# Java VM: Java HotSpot(TM) 64-Bit Server VM (23+37-2369, mixed mode, sharing, tiered, compressed oops, compressed class ptrs, g1 gc, windows-amd64)
GC Precious Log:
 CardTable entry size: 512
 Card Set container configuration: InlinePtr #cards 4 size 8 Array Of Cards #cards 16 size 48 Howl #buckets 8 coarsen threshold 3686 Howl Bitmap #cards 512 size 80 coarsen threshold 460 Card regions per heap region 1 cards per card region 4096
 CPUs: 8 total, 8 available
 Memory: 16063M
 Large Page Support: Disabled
 NUMA Support: Disabled
 Compressed Oops: Enabled (Zero based)
 Heap Region Size: 2M
 Heap Min Capacity: 8M
 Heap Initial Capacity: 252M
 Heap Max Capacity: 4016M
 Pre-touch: Disabled
 Parallel Workers: 8
 Concurrent Workers: 2
 Concurrent Refinement Workers: 8
 Periodic GC: Disabled
Heap:
 garbage-first heap   total reserved 4112384K, committed 286720K, used 159130K [0x0000000705000000, 0x0000000800000000)
  region size 2048K, 3 young (6144K), 3 survivors (6144K)
 Metaspace       used 19853K, committed 20224K, reserved 1114112K
  class space    used 2814K, committed 3008K, reserved 1048576K
GC Heap History (20 events):
Event: 30.499 GC heap after
{Heap after GC invocations=11 (full 0):
 garbage-first heap   total reserved 4112384K, committed 258048K, used 121696K [0x0000000705000000, 0x0000000800000000)
  region size 2048K, 2 young (4096K), 2 survivors (4096K)
 Metaspace       used 19695K, committed 20096K, reserved 1114112K
  class space    used 2811K, committed 3008K, reserved 1048576K
}
Event: 30.522 GC heap before
{Heap before GC invocations=12 (full 0):
 garbage-first heap   total reserved 4112384K, committed 258048K, used 125792K [0x0000000705000000, 0x0000000800000000)
  region size 2048K, 3 young (6144K), 2 survivors (4096K)
 Metaspace       used 19699K, committed 20096K, reserved 1114112K
  class space    used 2811K, committed 3008K, reserved 1048576K
}
Event: 30.526 GC heap after
{Heap after GC invocations=13 (full 0):
 garbage-first heap   total reserved 4112384K, committed 258048K, used 125792K [0x0000000705000000, 0x0000000800000000)
  region size 2048K, 2 young (4096K), 2 survivors (4096K)
 Metaspace       used 19699K, committed 20096K, reserved 1114112K
  class space    used 2811K, committed 3008K, reserved 1048576K
}
Event: 30.550 GC heap before
{Heap before GC invocations=14 (full 0):
 garbage-first heap   total reserved 4112384K, committed 258048K, used 129888K [0x0000000705000000, 0x0000000800000000)
  region size 2048K, 3 young (6144K), 2 survivors (4096K)
 Metaspace       used 19700K, committed 20096K, reserved 1114112K
  class space    used 2811K, committed 3008K, reserved 1048576K
}
Event: 30.553 GC heap after
{Heap after GC invocations=15 (full 0):
 garbage-first heap   total reserved 4112384K, committed 258048K, used 129724K [0x0000000705000000, 0x0000000800000000)
  region size 2048K, 2 young (4096K), 2 survivors (4096K)
 Metaspace       used 19700K, committed 20096K, reserved 1114112K
  class space    used 2811K, committed 3008K, reserved 1048576K
}
Event: 42.235 GC heap before
{Heap before GC invocations=16 (full 0):
 garbage-first heap   total reserved 4112384K, committed 258048K, used 144060K [0x0000000705000000, 0x0000000800000000)
  region size 2048K, 8 young (16384K), 2 survivors (4096K)
 Metaspace       used 19804K, committed 20160K, reserved 1114112K
  class space    used 2812K, committed 3008K, reserved 1048576K
}
Event: 42.239 GC heap after
{Heap after GC invocations=17 (full 0):
 garbage-first heap   total reserved 4112384K, committed 258048K, used 135666K [0x0000000705000000, 0x0000000800000000)
  region size 2048K, 3 young (6144K), 3 survivors (6144K)
 Metaspace       used 19804K, committed 20160K, reserved 1114112K
  class space    used 2812K, committed 3008K, reserved 1048576K
}
Event: 42.276 GC heap before
{Heap before GC invocations=18 (full 0):
 garbage-first heap   total reserved 4112384K, committed 258048K, used 141810K [0x0000000705000000, 0x0000000800000000)
  region size 2048K, 4 young (8192K), 3 survivors (6144K)
 Metaspace       used 19808K, committed 20160K, reserved 1114112K
  class space    used 2812K, committed 3008K, reserved 1048576K
}
Event: 42.279 GC heap after
{Heap after GC invocations=19 (full 0):
 garbage-first heap   total reserved 4112384K, committed 258048K, used 141765K [0x0000000705000000, 0x0000000800000000)
  region size 2048K, 3 young (6144K), 3 survivors (6144K)
 Metaspace       used 19808K, committed 20160K, reserved 1114112K
  class space    used 2812K, committed 3008K, reserved 1048576K
}
Event: 42.305 GC heap before
{Heap before GC invocations=20 (full 0):
 garbage-first heap   total reserved 4112384K, committed 258048K, used 145861K [0x0000000705000000, 0x0000000800000000)
  region size 2048K, 4 young (8192K), 3 survivors (6144K)
 Metaspace       used 19812K, committed 20160K, reserved 1114112K
  class space    used 2812K, committed 3008K, reserved 1048576K
}
Event: 42.309 GC heap after
{Heap after GC invocations=21 (full 0):
 garbage-first heap   total reserved 4112384K, committed 258048K, used 146145K [0x0000000705000000, 0x0000000800000000)
  region size 2048K, 3 young (6144K), 3 survivors (6144K)
 Metaspace       used 19812K, committed 20160K, reserved 1114112K
  class space    used 2812K, committed 3008K, reserved 1048576K
}
Event: 42.353 GC heap before
{Heap before GC invocations=22 (full 0):
 garbage-first heap   total reserved 4112384K, committed 258048K, used 154337K [0x0000000705000000, 0x0000000800000000)
  region size 2048K, 4 young (8192K), 3 survivors (6144K)
 Metaspace       used 19816K, committed 20160K, reserved 1114112K
  class space    used 2812K, committed 3008K, reserved 1048576K
}
Event: 42.357 GC heap after
{Heap after GC invocations=23 (full 0):
 garbage-first heap   total reserved 4112384K, committed 258048K, used 154381K [0x0000000705000000, 0x0000000800000000)
  region size 2048K, 3 young (6144K), 3 survivors (6144K)
 Metaspace       used 19816K, committed 20160K, reserved 1114112K
  class space    used 2812K, committed 3008K, reserved 1048576K
}
Event: 42.382 GC heap before
{Heap before GC invocations=24 (full 0):
 garbage-first heap   total reserved 4112384K, committed 266240K, used 158477K [0x0000000705000000, 0x0000000800000000)
  region size 2048K, 4 young (8192K), 3 survivors (6144K)
 Metaspace       used 19816K, committed 20160K, reserved 1114112K
  class space    used 2812K, committed 3008K, reserved 1048576K
}
Event: 42.387 GC heap after
{Heap after GC invocations=25 (full 0):
 garbage-first heap   total reserved 4112384K, committed 266240K, used 158377K [0x0000000705000000, 0x0000000800000000)
  region size 2048K, 3 young (6144K), 3 survivors (6144K)
 Metaspace       used 19816K, committed 20160K, reserved 1114112K
  class space    used 2812K, committed 3008K, reserved 1048576K
}
Event: 42.432 GC heap before
{Heap before GC invocations=26 (full 0):
 garbage-first heap   total reserved 4112384K, committed 274432K, used 166569K [0x0000000705000000, 0x0000000800000000)
  region size 2048K, 4 young (8192K), 3 survivors (6144K)
 Metaspace       used 19820K, committed 20224K, reserved 1114112K
  class space    used 2812K, committed 3008K, reserved 1048576K
}
Event: 42.437 GC heap after
{Heap after GC invocations=27 (full 0):
 garbage-first heap   total reserved 4112384K, committed 274432K, used 166752K [0x0000000705000000, 0x0000000800000000)
  region size 2048K, 3 young (6144K), 3 survivors (6144K)
 Metaspace       used 19820K, committed 20224K, reserved 1114112K
  class space    used 2812K, committed 3008K, reserved 1048576K
}
Event: 42.506 GC heap before
{Heap before GC invocations=28 (full 0):
 garbage-first heap   total reserved 4112384K, committed 286720K, used 172896K [0x0000000705000000, 0x0000000800000000)
  region size 2048K, 5 young (10240K), 3 survivors (6144K)
 Metaspace       used 19852K, committed 20224K, reserved 1114112K
  class space    used 2814K, committed 3008K, reserved 1048576K
}
Event: 42.513 GC heap after
{Heap after GC invocations=29 (full 0):
 garbage-first heap   total reserved 4112384K, committed 286720K, used 154818K [0x0000000705000000, 0x0000000800000000)
  region size 2048K, 4 young (8192K), 4 survivors (8192K)
 Metaspace       used 19852K, committed 20224K, reserved 1114112K
  class space    used 2814K, committed 3008K, reserved 1048576K
}
Event: 42.543 GC heap before
{Heap before GC invocations=30 (full 0):
 garbage-first heap   total reserved 4112384K, committed 286720K, used 158914K [0x0000000705000000, 0x0000000800000000)
  region size 2048K, 5 young (10240K), 4 survivors (8192K)
 Metaspace       used 19853K, committed 20224K, reserved 1114112K
  class space    used 2814K, committed 3008K, reserved 1048576K
}

