# JRE version: Java(TM) SE Runtime Environment (23.0+37) (build 23+37-2369)
# Java VM: Java HotSpot(TM) 64-Bit Server VM (23+37-2369, mixed mode, sharing, tiered, compressed oops, compressed class ptrs, g1 gc, windows-amd64)
GC Precious Log:
 CardTable entry size: 512
 Card Set container configuration: InlinePtr #cards 4 size 8 Array Of Cards #cards 16 size 48 Howl #buckets 8 coarsen threshold 3686 Howl Bitmap #cards 512 size 80 coarsen threshold 460 Card regions per heap region 1 cards per card region 4096
 CPUs: 8 total, 8 available
 Memory: 16063M
 Large Page Support: Disabled
 NUMA Support: Disabled
 Compressed Oops: Enabled (Zero based)
 Heap Region Size: 2M
 Heap Min Capacity: 8M
 Heap Initial Capacity: 252M
 Heap Max Capacity: 4016M
 Pre-touch: Disabled
 Parallel Workers: 8
 Concurrent Workers: 2
 Concurrent Refinement Workers: 8
 Periodic GC: Disabled
Heap:
 garbage-first heap   total reserved 4112384K, committed 258048K, used 141370K [0x0000000705000000, 0x0000000800000000)
  region size 2048K, 7 young (14336K), 2 survivors (4096K)
 Metaspace       used 19660K, committed 20096K, reserved 1114112K
  class space    used 2818K, committed 3008K, reserved 1048576K
GC Heap History (16 events):
Event: 3.411 GC heap before
{Heap before GC invocations=0 (full 0):
 garbage-first heap   total reserved 4112384K, committed 258048K, used 22528K [0x0000000705000000, 0x0000000800000000)
  region size 2048K, 12 young (24576K), 0 survivors (0K)
 Metaspace       used 5174K, committed 5376K, reserved 1114112K
  class space    used 634K, committed 704K, reserved 1048576K
}
Event: 3.417 GC heap after
{Heap after GC invocations=1 (full 0):
 garbage-first heap   total reserved 4112384K, committed 258048K, used 3239K [0x0000000705000000, 0x0000000800000000)
  region size 2048K, 2 young (4096K), 2 survivors (4096K)
 Metaspace       used 5174K, committed 5376K, reserved 1114112K
  class space    used 634K, committed 704K, reserved 1048576K
}
Event: 4.127 GC heap before
{Heap before GC invocations=1 (full 0):
 garbage-first heap   total reserved 4112384K, committed 258048K, used 25767K [0x0000000705000000, 0x0000000800000000)
  region size 2048K, 14 young (28672K), 2 survivors (4096K)
 Metaspace       used 9545K, committed 9792K, reserved 1114112K
  class space    used 1209K, committed 1344K, reserved 1048576K
}
Event: 4.134 GC heap after
{Heap after GC invocations=2 (full 0):
 garbage-first heap   total reserved 4112384K, committed 258048K, used 6818K [0x0000000705000000, 0x0000000800000000)
  region size 2048K, 2 young (4096K), 2 survivors (4096K)
 Metaspace       used 9545K, committed 9792K, reserved 1114112K
  class space    used 1209K, committed 1344K, reserved 1048576K
}
Event: 12.236 GC heap before
{Heap before GC invocations=2 (full 0):
 garbage-first heap   total reserved 4112384K, committed 258048K, used 123554K [0x0000000705000000, 0x0000000800000000)
  region size 2048K, 29 young (59392K), 2 survivors (4096K)
 Metaspace       used 18640K, committed 19008K, reserved 1114112K
  class space    used 2759K, committed 2944K, reserved 1048576K
}
Event: 12.247 GC heap after
{Heap after GC invocations=3 (full 0):
 garbage-first heap   total reserved 4112384K, committed 258048K, used 57922K [0x0000000705000000, 0x0000000800000000)
  region size 2048K, 4 young (8192K), 4 survivors (8192K)
 Metaspace       used 18640K, committed 19008K, reserved 1114112K
  class space    used 2759K, committed 2944K, reserved 1048576K
}
Event: 21.088 GC heap before
{Heap before GC invocations=3 (full 0):
 garbage-first heap   total reserved 4112384K, committed 258048K, used 141890K [0x0000000705000000, 0x0000000800000000)
  region size 2048K, 15 young (30720K), 4 survivors (8192K)
 Metaspace       used 19592K, committed 20032K, reserved 1114112K
  class space    used 2818K, committed 3008K, reserved 1048576K
}
Event: 21.113 GC heap after
{Heap after GC invocations=4 (full 0):
 garbage-first heap   total reserved 4112384K, committed 258048K, used 108935K [0x0000000705000000, 0x0000000800000000)
  region size 2048K, 2 young (4096K), 2 survivors (4096K)
 Metaspace       used 19592K, committed 20032K, reserved 1114112K
  class space    used 2818K, committed 3008K, reserved 1048576K
}
Event: 21.175 GC heap before
{Heap before GC invocations=4 (full 0):
 garbage-first heap   total reserved 4112384K, committed 258048K, used 117127K [0x0000000705000000, 0x0000000800000000)
  region size 2048K, 3 young (6144K), 2 survivors (4096K)
 Metaspace       used 19597K, committed 20032K, reserved 1114112K
  class space    used 2818K, committed 3008K, reserved 1048576K
}
Event: 21.178 GC heap after
{Heap after GC invocations=5 (full 0):
 garbage-first heap   total reserved 4112384K, committed 258048K, used 116884K [0x0000000705000000, 0x0000000800000000)
  region size 2048K, 2 young (4096K), 2 survivors (4096K)
 Metaspace       used 19597K, committed 20032K, reserved 1114112K
  class space    used 2818K, committed 3008K, reserved 1048576K
}
Event: 21.201 GC heap before
{Heap before GC invocations=5 (full 0):
 garbage-first heap   total reserved 4112384K, committed 258048K, used 120980K [0x0000000705000000, 0x0000000800000000)
  region size 2048K, 3 young (6144K), 2 survivors (4096K)
 Metaspace       used 19597K, committed 20032K, reserved 1114112K
  class space    used 2818K, committed 3008K, reserved 1048576K
}
Event: 21.204 GC heap after
{Heap after GC invocations=6 (full 0):
 garbage-first heap   total reserved 4112384K, committed 258048K, used 121122K [0x0000000705000000, 0x0000000800000000)
  region size 2048K, 2 young (4096K), 2 survivors (4096K)
 Metaspace       used 19597K, committed 20032K, reserved 1114112K
  class space    used 2818K, committed 3008K, reserved 1048576K
}
Event: 21.238 GC heap before
{Heap before GC invocations=7 (full 0):
 garbage-first heap   total reserved 4112384K, committed 258048K, used 125218K [0x0000000705000000, 0x0000000800000000)
  region size 2048K, 3 young (6144K), 2 survivors (4096K)
 Metaspace       used 19597K, committed 20032K, reserved 1114112K
  class space    used 2818K, committed 3008K, reserved 1048576K
}
Event: 21.241 GC heap after
{Heap after GC invocations=8 (full 0):
 garbage-first heap   total reserved 4112384K, committed 258048K, used 125118K [0x0000000705000000, 0x0000000800000000)
  region size 2048K, 2 young (4096K), 2 survivors (4096K)
 Metaspace       used 19597K, committed 20032K, reserved 1114112K
  class space    used 2818K, committed 3008K, reserved 1048576K
}
Event: 21.293 GC heap before
{Heap before GC invocations=9 (full 0):
 garbage-first heap   total reserved 4112384K, committed 258048K, used 129214K [0x0000000705000000, 0x0000000800000000)
  region size 2048K, 3 young (6144K), 2 survivors (4096K)
 Metaspace       used 19597K, committed 20032K, reserved 1114112K
  class space    used 2818K, committed 3008K, reserved 1048576K
}
Event: 21.297 GC heap after
{Heap after GC invocations=10 (full 0):
 garbage-first heap   total reserved 4112384K, committed 258048K, used 129082K [0x0000000705000000, 0x0000000800000000)
  region size 2048K, 2 young (4096K), 2 survivors (4096K)
 Metaspace       used 19597K, committed 20032K, reserved 1114112K
  class space    used 2818K, committed 3008K, reserved 1048576K
}

