# JRE version: Java(TM) SE Runtime Environment (23.0+37) (build 23+37-2369)
# Java VM: Java HotSpot(TM) 64-Bit Server VM (23+37-2369, mixed mode, sharing, tiered, compressed oops, compressed class ptrs, g1 gc, windows-amd64)
GC Precious Log:
 CardTable entry size: 512
 Card Set container configuration: InlinePtr #cards 4 size 8 Array Of Cards #cards 16 size 48 Howl #buckets 8 coarsen threshold 3686 Howl Bitmap #cards 512 size 80 coarsen threshold 460 Card regions per heap region 1 cards per card region 4096
 CPUs: 8 total, 8 available
 Memory: 16063M
 Large Page Support: Disabled
 NUMA Support: Disabled
 Compressed Oops: Enabled (Zero based)
 Heap Region Size: 2M
 Heap Min Capacity: 8M
 Heap Initial Capacity: 252M
 Heap Max Capacity: 4016M
 Pre-touch: Disabled
 Parallel Workers: 8
 Concurrent Workers: 2
 Concurrent Refinement Workers: 8
 Periodic GC: Disabled
Heap:
 garbage-first heap   total reserved 4112384K, committed 258048K, used 108799K [0x0000000705000000, 0x0000000800000000)
  region size 2048K, 2 young (4096K), 2 survivors (4096K)
 Metaspace       used 20021K, committed 20416K, reserved 1114112K
  class space    used 2826K, committed 3008K, reserved 1048576K
GC Heap History (20 events):
Event: 31.667 GC heap after
{Heap after GC invocations=6 (full 0):
 garbage-first heap   total reserved 4112384K, committed 258048K, used 120886K [0x0000000705000000, 0x0000000800000000)
  region size 2048K, 2 young (4096K), 2 survivors (4096K)
 Metaspace       used 19772K, committed 20224K, reserved 1114112K
  class space    used 2823K, committed 3008K, reserved 1048576K
}
Event: 31.696 GC heap before
{Heap before GC invocations=7 (full 0):
 garbage-first heap   total reserved 4112384K, committed 258048K, used 124982K [0x0000000705000000, 0x0000000800000000)
  region size 2048K, 3 young (6144K), 2 survivors (4096K)
 Metaspace       used 19772K, committed 20224K, reserved 1114112K
  class space    used 2823K, committed 3008K, reserved 1048576K
}
Event: 31.699 GC heap after
{Heap after GC invocations=8 (full 0):
 garbage-first heap   total reserved 4112384K, committed 258048K, used 125211K [0x0000000705000000, 0x0000000800000000)
  region size 2048K, 2 young (4096K), 2 survivors (4096K)
 Metaspace       used 19772K, committed 20224K, reserved 1114112K
  class space    used 2823K, committed 3008K, reserved 1048576K
}
Event: 31.730 GC heap before
{Heap before GC invocations=9 (full 0):
 garbage-first heap   total reserved 4112384K, committed 258048K, used 129307K [0x0000000705000000, 0x0000000800000000)
  region size 2048K, 3 young (6144K), 2 survivors (4096K)
 Metaspace       used 19774K, committed 20224K, reserved 1114112K
  class space    used 2823K, committed 3008K, reserved 1048576K
}
Event: 31.733 GC heap after
{Heap after GC invocations=10 (full 0):
 garbage-first heap   total reserved 4112384K, committed 258048K, used 129502K [0x0000000705000000, 0x0000000800000000)
  region size 2048K, 2 young (4096K), 2 survivors (4096K)
 Metaspace       used 19774K, committed 20224K, reserved 1114112K
  class space    used 2823K, committed 3008K, reserved 1048576K
}
Event: 38.687 GC heap before
{Heap before GC invocations=11 (full 0):
 garbage-first heap   total reserved 4112384K, committed 258048K, used 141790K [0x0000000705000000, 0x0000000800000000)
  region size 2048K, 7 young (14336K), 2 survivors (4096K)
 Metaspace       used 19879K, committed 20288K, reserved 1114112K
  class space    used 2823K, committed 3008K, reserved 1048576K
}
Event: 38.691 GC heap after
{Heap after GC invocations=12 (full 0):
 garbage-first heap   total reserved 4112384K, committed 258048K, used 104937K [0x0000000705000000, 0x0000000800000000)
  region size 2048K, 2 young (4096K), 2 survivors (4096K)
 Metaspace       used 19879K, committed 20288K, reserved 1114112K
  class space    used 2823K, committed 3008K, reserved 1048576K
}
Event: 38.825 GC heap before
{Heap before GC invocations=12 (full 0):
 garbage-first heap   total reserved 4112384K, committed 258048K, used 117225K [0x0000000705000000, 0x0000000800000000)
  region size 2048K, 3 young (6144K), 2 survivors (4096K)
 Metaspace       used 19900K, committed 20288K, reserved 1114112K
  class space    used 2823K, committed 3008K, reserved 1048576K
}
Event: 38.828 GC heap after
{Heap after GC invocations=13 (full 0):
 garbage-first heap   total reserved 4112384K, committed 258048K, used 117280K [0x0000000705000000, 0x0000000800000000)
  region size 2048K, 2 young (4096K), 2 survivors (4096K)
 Metaspace       used 19900K, committed 20288K, reserved 1114112K
  class space    used 2823K, committed 3008K, reserved 1048576K
}
Event: 38.848 GC heap before
{Heap before GC invocations=13 (full 0):
 garbage-first heap   total reserved 4112384K, committed 258048K, used 121376K [0x0000000705000000, 0x0000000800000000)
  region size 2048K, 3 young (6144K), 2 survivors (4096K)
 Metaspace       used 19900K, committed 20288K, reserved 1114112K
  class space    used 2823K, committed 3008K, reserved 1048576K
}
Event: 38.852 GC heap after
{Heap after GC invocations=14 (full 0):
 garbage-first heap   total reserved 4112384K, committed 258048K, used 121597K [0x0000000705000000, 0x0000000800000000)
  region size 2048K, 3 young (6144K), 3 survivors (6144K)
 Metaspace       used 19900K, committed 20288K, reserved 1114112K
  class space    used 2823K, committed 3008K, reserved 1048576K
}
Event: 38.876 GC heap before
{Heap before GC invocations=15 (full 0):
 garbage-first heap   total reserved 4112384K, committed 258048K, used 125693K [0x0000000705000000, 0x0000000800000000)
  region size 2048K, 4 young (8192K), 3 survivors (6144K)
 Metaspace       used 19903K, committed 20288K, reserved 1114112K
  class space    used 2823K, committed 3008K, reserved 1048576K
}
Event: 38.879 GC heap after
{Heap after GC invocations=16 (full 0):
 garbage-first heap   total reserved 4112384K, committed 258048K, used 125556K [0x0000000705000000, 0x0000000800000000)
  region size 2048K, 2 young (4096K), 2 survivors (4096K)
 Metaspace       used 19903K, committed 20288K, reserved 1114112K
  class space    used 2823K, committed 3008K, reserved 1048576K
}
Event: 42.064 GC heap before
{Heap before GC invocations=17 (full 0):
 garbage-first heap   total reserved 4112384K, committed 258048K, used 143988K [0x0000000705000000, 0x0000000800000000)
  region size 2048K, 8 young (16384K), 2 survivors (4096K)
 Metaspace       used 19982K, committed 20416K, reserved 1114112K
  class space    used 2824K, committed 3008K, reserved 1048576K
}
Event: 42.077 GC heap after
{Heap after GC invocations=18 (full 0):
 garbage-first heap   total reserved 4112384K, committed 258048K, used 89744K [0x0000000705000000, 0x0000000800000000)
  region size 2048K, 2 young (4096K), 2 survivors (4096K)
 Metaspace       used 19982K, committed 20416K, reserved 1114112K
  class space    used 2824K, committed 3008K, reserved 1048576K
}
Event: 42.217 GC heap before
{Heap before GC invocations=18 (full 0):
 garbage-first heap   total reserved 4112384K, committed 258048K, used 116368K [0x0000000705000000, 0x0000000800000000)
  region size 2048K, 3 young (6144K), 2 survivors (4096K)
 Metaspace       used 19993K, committed 20416K, reserved 1114112K
  class space    used 2824K, committed 3008K, reserved 1048576K
}
Event: 42.220 GC heap after
{Heap after GC invocations=19 (full 0):
 garbage-first heap   total reserved 4112384K, committed 258048K, used 116714K [0x0000000705000000, 0x0000000800000000)
  region size 2048K, 2 young (4096K), 2 survivors (4096K)
 Metaspace       used 19993K, committed 20416K, reserved 1114112K
  class space    used 2824K, committed 3008K, reserved 1048576K
}
Event: 42.238 GC heap before
{Heap before GC invocations=19 (full 0):
 garbage-first heap   total reserved 4112384K, committed 258048K, used 120810K [0x0000000705000000, 0x0000000800000000)
  region size 2048K, 3 young (6144K), 2 survivors (4096K)
 Metaspace       used 19998K, committed 20416K, reserved 1114112K
  class space    used 2824K, committed 3008K, reserved 1048576K
}
Event: 42.240 GC heap after
{Heap after GC invocations=20 (full 0):
 garbage-first heap   total reserved 4112384K, committed 258048K, used 120926K [0x0000000705000000, 0x0000000800000000)
  region size 2048K, 2 young (4096K), 2 survivors (4096K)
 Metaspace       used 19998K, committed 20416K, reserved 1114112K
  class space    used 2824K, committed 3008K, reserved 1048576K
}
Event: 42.319 GC heap before
{Heap before GC invocations=21 (full 0):
 garbage-first heap   total reserved 4112384K, committed 258048K, used 127070K [0x0000000705000000, 0x0000000800000000)
  region size 2048K, 4 young (8192K), 2 survivors (4096K)
 Metaspace       used 20021K, committed 20416K, reserved 1114112K
  class space    used 2826K, committed 3008K, reserved 1048576K
}

