# JRE version: Java(TM) SE Runtime Environment (23.0+37) (build 23+37-2369)
# Java VM: Java HotSpot(TM) 64-Bit Server VM (23+37-2369, mixed mode, sharing, tiered, compressed oops, compressed class ptrs, g1 gc, windows-amd64)
GC Precious Log:
 CardTable entry size: 512
 Card Set container configuration: InlinePtr #cards 4 size 8 Array Of Cards #cards 16 size 48 Howl #buckets 8 coarsen threshold 3686 Howl Bitmap #cards 512 size 80 coarsen threshold 460 Card regions per heap region 1 cards per card region 4096
 CPUs: 8 total, 8 available
 Memory: 16063M
 Large Page Support: Disabled
 NUMA Support: Disabled
 Compressed Oops: Enabled (Zero based)
 Heap Region Size: 2M
 Heap Min Capacity: 8M
 Heap Initial Capacity: 252M
 Heap Max Capacity: 4016M
 Pre-touch: Disabled
 Parallel Workers: 8
 Concurrent Workers: 2
 Concurrent Refinement Workers: 8
 Periodic GC: Disabled
Heap:
 garbage-first heap   total reserved 4112384K, committed 258048K, used 109518K [0x0000000705000000, 0x0000000800000000)
  region size 2048K, 33 young (67584K), 4 survivors (8192K)
 Metaspace       used 20449K, committed 20800K, reserved 1114112K
  class space    used 2947K, committed 3072K, reserved 1048576K
GC Heap History (6 events):
Event: 1.445 GC heap before
{Heap before GC invocations=0 (full 0):
 garbage-first heap   total reserved 4112384K, committed 258048K, used 24576K [0x0000000705000000, 0x0000000800000000)
  region size 2048K, 12 young (24576K), 0 survivors (0K)
 Metaspace       used 4993K, committed 5248K, reserved 1114112K
  class space    used 513K, committed 640K, reserved 1048576K
}
Event: 1.450 GC heap after
{Heap after GC invocations=1 (full 0):
 garbage-first heap   total reserved 4112384K, committed 258048K, used 2431K [0x0000000705000000, 0x0000000800000000)
  region size 2048K, 2 young (4096K), 2 survivors (4096K)
 Metaspace       used 4993K, committed 5248K, reserved 1114112K
  class space    used 513K, committed 640K, reserved 1048576K
}
Event: 4.353 GC heap before
{Heap before GC invocations=1 (full 0):
 garbage-first heap   total reserved 4112384K, committed 258048K, used 24959K [0x0000000705000000, 0x0000000800000000)
  region size 2048K, 14 young (28672K), 2 survivors (4096K)
 Metaspace       used 7767K, committed 8000K, reserved 1114112K
  class space    used 890K, committed 1024K, reserved 1048576K
}
Event: 4.359 GC heap after
{Heap after GC invocations=2 (full 0):
 garbage-first heap   total reserved 4112384K, committed 258048K, used 4646K [0x0000000705000000, 0x0000000800000000)
  region size 2048K, 2 young (4096K), 2 survivors (4096K)
 Metaspace       used 7767K, committed 8000K, reserved 1114112K
  class space    used 890K, committed 1024K, reserved 1048576K
}
Event: 54.493 GC heap before
{Heap before GC invocations=2 (full 0):
 garbage-first heap   total reserved 4112384K, committed 258048K, used 125478K [0x0000000705000000, 0x0000000800000000)
  region size 2048K, 32 young (65536K), 2 survivors (4096K)
 Metaspace       used 14647K, committed 15040K, reserved 1114112K
  class space    used 1933K, committed 2112K, reserved 1048576K
}
Event: 54.500 GC heap after
{Heap after GC invocations=3 (full 0):
 garbage-first heap   total reserved 4112384K, committed 258048K, used 52174K [0x0000000705000000, 0x0000000800000000)
  region size 2048K, 4 young (8192K), 4 survivors (8192K)
 Metaspace       used 14647K, committed 15040K, reserved 1114112K
  class space    used 1933K, committed 2112K, reserved 1048576K
}

